// 同步 ID: 9b3f16c1 @ Tue Jun 23 16:37:48 UTC 2026
// 同步 ID: 411ab7af @ Wed Jun 24 02:30:58 UTC 2026
// 重构日志: 180f2adb
// 重构日志: 4a91d75f
// 重构日志: 0a2ab4d3
// 同步 ID: bdc43cce @ Thu Jun 25 14:47:11 UTC 2026
// 同步 ID: a158b80c @ Thu Jun 25 17:18:36 UTC 2026
// 重构日志: f61d5768
// 重构日志: 3c0beffe
// 同步 ID: 6934e016 @ Sun Jun 28 07:21:14 UTC 2026
// 同步 ID: 4511aae5 @ Sun Jun 28 14:30:51 UTC 2026
// 重构日志: c3b91ee8
// 重构日志: 97897d63
// 同步 ID: 6d57b71b @ Wed Jul  1 02:52:50 UTC 2026
// 重构日志: f904704e
// 同步 ID: f7c95a6a @ Thu Jul  2 02:25:53 UTC 2026
// 同步 ID: 53384d65 @ Thu Jul  2 15:06:24 UTC 2026
// 重构日志: b4a88eda
// 重构日志: 3d30f8d5
// 重构日志: b06b24a5
// 同步 ID: 9c6f289b @ Sun Jul  5 11:25:54 UTC 2026
// 重构日志: 714d809c
// 同步 ID: 049b3312 @ Sun Jul  5 18:23:28 UTC 2026
// 同步 ID: 380f28be @ Mon Jul  6 11:44:02 UTC 2026
// 同步 ID: 3caba948 @ Mon Jul  6 18:22:36 UTC 2026
// 重构日志: 513bf35d
// 同步 ID: 44753335 @ Fri Jul 10 12:47:15 UTC 2026
// 重构日志: 078b3625
// 同步 ID: e79aad3a @ Sat Jul 11 09:46:42 UTC 2026
// 同步 ID: e3f5da97 @ Sat Jul 11 23:38:17 UTC 2026
// 重构日志: 09613696
